[2025-03-06 12:28:29,732] INFO - Aplicación de Simulación de Sensores IoT con Zombis iniciada
[2025-03-06 12:28:29,746] INFO - Simulación inicializada
[2025-03-06 12:28:29,748] INFO - Simulación inicializada
[2025-03-06 12:28:29,748] INFO - Configurando edificio: 2 pisos, 3 habitaciones por piso
[2025-03-06 12:28:29,749] INFO - Simulación inicializada
[2025-03-06 12:28:29,750] INFO - Configurando edificio: 2 pisos, 3 habitaciones por piso
[2025-03-06 12:28:29,750] INFO - Añadiendo 2 zombis iniciales
[2025-03-06 12:28:29,751] INFO - Simulación inicializada
[2025-03-06 12:28:29,751] INFO - Configurando edificio: 2 pisos, 3 habitaciones por piso
[2025-03-06 12:28:29,752] INFO - Generación de zombis activada
[2025-03-06 12:28:29,753] INFO - Simulación inicializada
[2025-03-06 12:28:29,753] INFO - Configurando edificio: 2 pisos, 3 habitaciones por piso
[2025-03-06 12:28:29,753] INFO - Añadiendo 1 zombis iniciales
[2025-03-06 12:28:29,753] INFO - Añadiendo 1 zombis iniciales
[2025-03-06 12:28:29,753] INFO - Habitación limpiada: 0-0
[2025-03-06 12:28:29,754] INFO - Simulación inicializada
[2025-03-06 12:28:29,754] INFO - Configurando edificio: 2 pisos, 3 habitaciones por piso
[2025-03-06 12:28:29,754] INFO - Añadiendo 1 zombis iniciales
[2025-03-06 12:28:29,754] INFO - Añadiendo 1 zombis iniciales
[2025-03-06 12:28:29,754] INFO - Habitación limpiada: 1-0
[2025-03-06 12:28:29,754] INFO - Sensor restablecido: 1-0
